<?xml version="1.0" encoding="UTF-8"?>
<!-- Generated by org.testng.reporters.JUnitXMLReporter -->
<testsuite ignored="2" hostname="DESKTOP-6QGRDUT" failures="0" tests="2" name="Smoke" time="0.053" errors="0" timestamp="14 May 2024 06:46:44 GMT">
  <testcase classname="test.TestNGTest" name="firsttestCases" time="0.021"/>
  <testcase classname="test.TestNGTest" name="secondtestCases" time="0.002"/>
  <testcase classname="test.TestNGTest" name="fourthtestCases" time="0.0">
    <ignored/>
  </testcase> <!-- fourthtestCases -->
  <testcase classname="test.TestNGTest" name="thirdtestCases" time="0.0">
    <ignored/>
  </testcase> <!-- thirdtestCases -->
</testsuite> <!-- Smoke -->
