<?xml version="1.0" encoding="UTF-8"?>
<!-- Generated by org.testng.reporters.JUnitXMLReporter -->
<testsuite ignored="0" hostname="DESKTOP-6QGRDUT" failures="0" tests="4" name="LoginTest" time="22.413" errors="0" timestamp="22 May 2024 04:13:17 GMT">
  <testcase classname="testNGTutorials.BothCorrect" name="BCorrect" time="6.967"/>
  <testcase classname="testNGTutorials.BothWrong" name="bWrong" time="5.338"/>
  <testcase classname="testNGTutorials.CorrectPassword" name="cpassword" time="4.902"/>
  <testcase classname="testNGTutorials.CorrectUsername" name="cUsername" time="5.156"/>
</testsuite> <!-- LoginTest -->
