<?xml version="1.0" encoding="UTF-8"?>
<!-- Generated by org.testng.reporters.JUnitXMLReporter -->
<testsuite ignored="4" hostname="DESKTOP-6QGRDUT" failures="0" tests="0" time="0.001" errors="0" timestamp="14 May 2024 06:24:55 GMT">
  <testcase classname="test.TestNGTest" name="fourthtestCases" time="0.0">
    <ignored/>
  </testcase> <!-- fourthtestCases -->
  <testcase classname="test.TestNGTest" name="firsttestCases" time="0.0">
    <ignored/>
  </testcase> <!-- firsttestCases -->
  <testcase classname="test.TestNGTest" name="secondtestCases" time="0.0">
    <ignored/>
  </testcase> <!-- secondtestCases -->
  <testcase classname="test.TestNGTest" name="thirdtestCases" time="0.0">
    <ignored/>
  </testcase> <!-- thirdtestCases -->
</testsuite>
